<?xml version="1.0" encoding="UTF-8"?>
<!-- Generated by org.testng.reporters.JUnitReportReporter -->
<testsuite skipped="0" hostname="Yuli" name="Testcases.UsersTestE2E" tests="4" failures="0" timestamp="07 mar 2020 15:06:31 GMT" time="77.110" errors="0">
  <testcase name="LoginTest" time="3.417" classname="Testcases.UsersTestE2E"/>
  <testcase name="CreateUserTest" time="8.464" classname="Testcases.UsersTestE2E"/>
  <testcase name="ValidateUserTest" time="20.988" classname="Testcases.UsersTestE2E"/>
  <testcase name="DeleteUserTest" time="44.241" classname="Testcases.UsersTestE2E"/>
</testsuite> <!-- Testcases.UsersTestE2E -->
