<?xml version="1.0" encoding="UTF-8"?>
<!-- Generated by org.testng.reporters.JUnitReportReporter -->
<testsuite skipped="0" hostname="Yuli" name="Testcases.Testcases" tests="4" failures="0" timestamp="07 mar 2020 14:58:27 GMT" time="76.753" errors="0">
  <testcase name="LoginTest" time="3.300" classname="Testcases.Testcases"/>
  <testcase name="CreateUserTest" time="8.334" classname="Testcases.Testcases"/>
  <testcase name="ValidateUserTest" time="20.892" classname="Testcases.Testcases"/>
  <testcase name="DeleteUserTest" time="44.227" classname="Testcases.Testcases"/>
</testsuite> <!-- Testcases.Testcases -->
